<?xml version="1.0" encoding="UTF-8"?>
<testsuite name="org.tensorflow.lite.examples.imageclassification.ExampleUnitTest" tests="1" skipped="0" failures="0" errors="0" timestamp="2025-03-11T10:11:37" hostname="Stefanos-MacBook-Air.local" time="0.002">
  <properties/>
  <testcase name="addition_isCorrect" classname="org.tensorflow.lite.examples.imageclassification.ExampleUnitTest" time="0.002"/>
  <system-out><![CDATA[]]></system-out>
  <system-err><![CDATA[]]></system-err>
</testsuite>
